<?xml version="1.0" encoding="UTF-8"?>
<!-- Generated by org.testng.reporters.JUnitReportReporter -->
<testsuite hostname="Thanh-PC" failures="0" tests="1" name="com.inetbanking.testCases.TC_LoginTest_001" time="4.296" errors="0" timestamp="2023-04-03T08:26:51 ICT" skipped="0">
  <testcase classname="com.inetbanking.testCases.TC_LoginTest_001" name="loginTest" time="4.296"/>
  <system-out/>
</testsuite> <!-- com.inetbanking.testCases.TC_LoginTest_001 -->
