<?xml version="1.0" encoding="UTF-8"?>
<!-- Generated by org.testng.reporters.JUnitReportReporter -->
<testsuite hostname="Thanh-PC" failures="0" tests="1" name="com.inetbanking.testCases.TCLoginTest_001" time="1.499" errors="0" timestamp="2023-03-31T17:55:09 ICT" skipped="0">
  <testcase classname="com.inetbanking.testCases.TCLoginTest_001" name="loginTest" time="1.499"/>
  <system-out/>
</testsuite> <!-- com.inetbanking.testCases.TCLoginTest_001 -->
